<?xml version="1.0" encoding="UTF-8"?>
<!-- Generated by org.testng.reporters.JUnitReportReporter -->
<testsuite hostname="DESKTOP-AUJ1KT1" failures="0" tests="3" name="files.DynamicJson" time="2.546" errors="0" timestamp="2021-07-23T21:56:17 IST" skipped="0">
  <testcase classname="files.DynamicJson" name="addBook" time="0.097"/>
  <system-out/>
  <testcase classname="files.DynamicJson" name="addBook" time="0.093"/>
  <system-out/>
  <testcase classname="files.DynamicJson" name="addBook" time="2.356"/>
  <system-out/>
</testsuite> <!-- files.DynamicJson -->
