<?xml version="1.0" encoding="UTF-8"?>
<!-- Generated by org.testng.reporters.JUnitReportReporter -->
<testsuite hostname="DESKTOP-AUJ1KT1" failures="0" tests="1" name="files.DynamicJson" time="2.054" errors="0" timestamp="2021-07-23T01:25:59 IST" skipped="0">
  <testcase classname="files.DynamicJson" name="addBook" time="2.054"/>
  <system-out/>
</testsuite> <!-- files.DynamicJson -->
