<?xml version="1.0" encoding="UTF-8"?>
<!-- Generated by org.testng.reporters.JUnitReportReporter -->
<testsuite hostname="DESKTOP-AUJ1KT1" failures="0" tests="1" name="SumValidation" time="1.005" errors="0" timestamp="2021-07-22T00:23:18 IST" skipped="0">
  <testcase classname="SumValidation" name="SumOfCourses" time="1.005"/>
  <system-out/>
</testsuite> <!-- SumValidation -->
